This is pdfTeX, Version 3.14159265-2.6-1.40.17 (MiKTeX 2.9.6210 64-bit) (preloaded format=pdflatex 2017.1.24)  15 FEB 2017 16:58
entering extended mode
**./CS532_A2_Report.tex
(CS532_A2_Report.tex
LaTeX2e <2016/03/31> patch level 3
Babel <3.9r> and hyphenation patterns for 75 language(s) loaded.
("C:\Program Files\MiKTeX 2.9\tex\latex\base\article.cls"
Document Class: article 2014/09/29 v1.4h Standard LaTeX document class
("C:\Program Files\MiKTeX 2.9\tex\latex\base\size11.clo"
File: size11.clo 2014/09/29 v1.4h Standard LaTeX file (size option)
)
\c@part=\count79
\c@section=\count80
\c@subsection=\count81
\c@subsubsection=\count82
\c@paragraph=\count83
\c@subparagraph=\count84
\c@figure=\count85
\c@table=\count86
\abovecaptionskip=\skip41
\belowcaptionskip=\skip42
\bibindent=\dimen102
)
("C:\Program Files\MiKTeX 2.9\tex\latex\comment\comment.sty"
\CommentStream=\write3

Excluding comment 'comment')
("C:\Program Files\MiKTeX 2.9\tex\latex\preprint\fullpage.sty"
Package: fullpage 1999/02/23 1.1 (PWD)
\FP@margin=\skip43
)
("C:\Program Files\MiKTeX 2.9\tex\latex\graphics\graphicx.sty"
Package: graphicx 2014/10/28 v1.0g Enhanced LaTeX Graphics (DPC,SPQR)

("C:\Program Files\MiKTeX 2.9\tex\latex\graphics\keyval.sty"
Package: keyval 2014/10/28 v1.15 key=value parser (DPC)
\KV@toks@=\toks14
)
("C:\Program Files\MiKTeX 2.9\tex\latex\graphics\graphics.sty"
Package: graphics 2016/07/10 v1.0t Standard LaTeX Graphics (DPC,SPQR)

("C:\Program Files\MiKTeX 2.9\tex\latex\graphics\trig.sty"
Package: trig 2016/01/03 v1.10 sin cos tan (DPC)
)
("C:\Program Files\MiKTeX 2.9\tex\latex\graphics-cfg\graphics.cfg"
File: graphics.cfg 2016/06/04 v1.11 sample graphics configuration
)
Package graphics Info: Driver file: pdftex.def on input line 99.

("C:\Program Files\MiKTeX 2.9\tex\latex\graphics-def\pdftex.def"
File: pdftex.def 2016/07/10 v0.06j Graphics/color for pdfTeX

("C:\Program Files\MiKTeX 2.9\tex\generic\oberdiek\infwarerr.sty"
Package: infwarerr 2016/05/16 v1.4 Providing info/warning/error messages (HO)
)
("C:\Program Files\MiKTeX 2.9\tex\generic\oberdiek\ltxcmds.sty"
Package: ltxcmds 2016/05/16 v1.23 LaTeX kernel commands for general use (HO)
)
\Gread@gobject=\count87
))
\Gin@req@height=\dimen103
\Gin@req@width=\dimen104
)
("C:\Program Files\MiKTeX 2.9\tex\latex\fancyvrb\fancyvrb.sty"
Package: fancyvrb 2008/02/07

Style option: `fancyvrb' v2.7a, with DG/SPQR fixes, and firstline=lastline fix 
<2008/02/07> (tvz)
\FV@CodeLineNo=\count88
\FV@InFile=\read1
\FV@TabBox=\box26
\c@FancyVerbLine=\count89
\FV@StepNumber=\count90
\FV@OutFile=\write4
) ("C:\Program Files\MiKTeX 2.9\tex\latex\xcolor\xcolor.sty"
Package: xcolor 2016/05/11 v2.12 LaTeX color extensions (UK)

("C:\Program Files\MiKTeX 2.9\tex\latex\graphics-cfg\color.cfg"
File: color.cfg 2016/01/02 v1.6 sample color configuration
)
Package xcolor Info: Driver file: pdftex.def on input line 225.
Package xcolor Info: Model `cmy' substituted by `cmy0' on input line 1348.
Package xcolor Info: Model `hsb' substituted by `rgb' on input line 1352.
Package xcolor Info: Model `RGB' extended on input line 1364.
Package xcolor Info: Model `HTML' substituted by `rgb' on input line 1366.
Package xcolor Info: Model `Hsb' substituted by `hsb' on input line 1367.
Package xcolor Info: Model `tHsb' substituted by `hsb' on input line 1368.
Package xcolor Info: Model `HSB' substituted by `hsb' on input line 1369.
Package xcolor Info: Model `Gray' substituted by `gray' on input line 1370.
Package xcolor Info: Model `wave' substituted by `hsb' on input line 1371.
)
("C:\Program Files\MiKTeX 2.9\tex\latex\listings\listings.sty"
\lst@mode=\count91
\lst@gtempboxa=\box27
\lst@token=\toks15
\lst@length=\count92
\lst@currlwidth=\dimen105
\lst@column=\count93
\lst@pos=\count94
\lst@lostspace=\dimen106
\lst@width=\dimen107
\lst@newlines=\count95
\lst@lineno=\count96
\lst@maxwidth=\dimen108

("C:\Program Files\MiKTeX 2.9\tex\latex\listings\lstmisc.sty"
File: lstmisc.sty 2015/06/04 1.6 (Carsten Heinz)
\c@lstnumber=\count97
\lst@skipnumbers=\count98
\lst@framebox=\box28
)
("C:\Program Files\MiKTeX 2.9\tex\latex\listings\listings.cfg"
File: listings.cfg 2015/06/04 1.6 listings configuration
))
Package: listings 2015/06/04 1.6 (Carsten Heinz)

("C:\Program Files\MiKTeX 2.9\tex\latex\breakurl\breakurl.sty"
Package: breakurl 2013/04/10 v1.40 Breakable hyperref URLs

("C:\Program Files\MiKTeX 2.9\tex\latex\xkeyval\xkeyval.sty"
Package: xkeyval 2014/12/03 v2.7a package option processing (HA)

("C:\Program Files\MiKTeX 2.9\tex\generic\xkeyval\xkeyval.tex"
("C:\Program Files\MiKTeX 2.9\tex\generic\xkeyval\xkvutils.tex"
\XKV@toks=\toks16
\XKV@tempa@toks=\toks17
)
\XKV@depth=\count99
File: xkeyval.tex 2014/12/03 v2.7a key=value parser (HA)
))
("C:\Program Files\MiKTeX 2.9\tex\generic\oberdiek\ifpdf.sty"
Package: ifpdf 2016/05/14 v3.1 Provides the ifpdf switch
)

Package breakurl Warning: You are using breakurl while processing via pdflatex.

(breakurl)                \burl will be just a synonym of \url.
(breakurl)                 on input line 48.

) ("C:\Program Files\MiKTeX 2.9\tex\latex\url\url.sty"
\Urlmuskip=\muskip10
Package: url 2013/09/16  ver 3.4  Verb mode for urls, etc.
)
("C:\Program Files\MiKTeX 2.9\tex\latex\geometry\geometry.sty"
Package: geometry 2010/09/12 v5.6 Page Geometry

("C:\Program Files\MiKTeX 2.9\tex\generic\oberdiek\ifvtex.sty"
Package: ifvtex 2016/05/16 v1.6 Detect VTeX and its facilities (HO)
Package ifvtex Info: VTeX not detected.
)
("C:\Program Files\MiKTeX 2.9\tex\generic\ifxetex\ifxetex.sty"
Package: ifxetex 2010/09/12 v0.6 Provides ifxetex conditional
)
\Gm@cnth=\count100
\Gm@cntv=\count101
\c@Gm@tempcnt=\count102
\Gm@bindingoffset=\dimen109
\Gm@wd@mp=\dimen110
\Gm@odd@mp=\dimen111
\Gm@even@mp=\dimen112
\Gm@layoutwidth=\dimen113
\Gm@layoutheight=\dimen114
\Gm@layouthoffset=\dimen115
\Gm@layoutvoffset=\dimen116
\Gm@dimlist=\toks18

("C:\Program Files\MiKTeX 2.9\tex\latex\geometry\geometry.cfg"))
("C:\Program Files\MiKTeX 2.9\tex\latex\float\float.sty"
Package: float 2001/11/08 v1.3d Float enhancements (AL)
\c@float@type=\count103
\float@exts=\toks19
\float@box=\box29
\@float@everytoks=\toks20
\@floatcapt=\box30
)
("C:\Program Files\MiKTeX 2.9\tex\latex\caption\caption.sty"
Package: caption 2016/02/21 v3.3-144 Customizing captions (AR)

("C:\Program Files\MiKTeX 2.9\tex\latex\caption\caption3.sty"
Package: caption3 2016/05/22 v1.7-166 caption3 kernel (AR)
Package caption3 Info: TeX engine: e-TeX on input line 67.
\captionmargin=\dimen117
\captionmargin@=\dimen118
\captionwidth=\dimen119
\caption@tempdima=\dimen120
\caption@indent=\dimen121
\caption@parindent=\dimen122
\caption@hangindent=\dimen123
)
\c@ContinuedFloat=\count104
Package caption Info: float package is loaded.
Package caption Info: listings package is loaded.
)
("C:\Program Files\MiKTeX 2.9\tex\latex\listings\lstlang1.sty"
File: lstlang1.sty 2015/06/04 1.6 listings language file
)
(CS532_A2_Report.aux

LaTeX Warning: Label `Command:' multiply defined.


LaTeX Warning: Label `Command' multiply defined.


LaTeX Warning: Label `Command' multiply defined.


LaTeX Warning: Label `Command' multiply defined.


LaTeX Warning: Label `Command' multiply defined.


LaTeX Warning: Label `Command' multiply defined.


LaTeX Warning: Label `Command' multiply defined.


LaTeX Warning: Label `knuthwebsite' multiply defined.


LaTeX Warning: Label `knuthwebsite' multiply defined.


LaTeX Warning: Label `knuthwebsite' multiply defined.

)
\openout1 = `CS532_A2_Report.aux'.

LaTeX Font Info:    Checking defaults for OML/cmm/m/it on input line 40.
LaTeX Font Info:    ... okay on input line 40.
LaTeX Font Info:    Checking defaults for T1/cmr/m/n on input line 40.
LaTeX Font Info:    ... okay on input line 40.
LaTeX Font Info:    Checking defaults for OT1/cmr/m/n on input line 40.
LaTeX Font Info:    ... okay on input line 40.
LaTeX Font Info:    Checking defaults for OMS/cmsy/m/n on input line 40.
LaTeX Font Info:    ... okay on input line 40.
LaTeX Font Info:    Checking defaults for OMX/cmex/m/n on input line 40.
LaTeX Font Info:    ... okay on input line 40.
LaTeX Font Info:    Checking defaults for U/cmr/m/n on input line 40.
LaTeX Font Info:    ... okay on input line 40.
 ("C:\Program Files\MiKTeX 2.9\tex\context\base\supp-pdf.mkii"
[Loading MPS to PDF converter (version 2006.09.02).]
\scratchcounter=\count105
\scratchdimen=\dimen124
\scratchbox=\box31
\nofMPsegments=\count106
\nofMParguments=\count107
\everyMPshowfont=\toks21
\MPscratchCnt=\count108
\MPscratchDim=\dimen125
\MPnumerator=\count109
\makeMPintoPDFobject=\count110
\everyMPtoPDFconversion=\toks22
) ("C:\Program Files\MiKTeX 2.9\tex\generic\oberdiek\pdftexcmds.sty"
Package: pdftexcmds 2016/05/21 v0.22 Utility functions of pdfTeX for LuaTeX (HO
)

("C:\Program Files\MiKTeX 2.9\tex\generic\oberdiek\ifluatex.sty"
Package: ifluatex 2016/05/16 v1.4 Provides the ifluatex switch (HO)
Package ifluatex Info: LuaTeX not detected.
)
Package pdftexcmds Info: LuaTeX not detected.
Package pdftexcmds Info: \pdf@primitive is available.
Package pdftexcmds Info: \pdf@ifprimitive is available.
Package pdftexcmds Info: \pdfdraftmode found.
)
("C:\Program Files\MiKTeX 2.9\tex\latex\oberdiek\epstopdf-base.sty"
Package: epstopdf-base 2016/05/15 v2.6 Base part for package epstopdf

("C:\Program Files\MiKTeX 2.9\tex\latex\oberdiek\grfext.sty"
Package: grfext 2016/05/16 v1.2 Manage graphics extensions (HO)

("C:\Program Files\MiKTeX 2.9\tex\generic\oberdiek\kvdefinekeys.sty"
Package: kvdefinekeys 2016/05/16 v1.4 Define keys (HO)
))
("C:\Program Files\MiKTeX 2.9\tex\latex\oberdiek\kvoptions.sty"
Package: kvoptions 2016/05/16 v3.12 Key value format for package options (HO)

("C:\Program Files\MiKTeX 2.9\tex\generic\oberdiek\kvsetkeys.sty"
Package: kvsetkeys 2016/05/16 v1.17 Key value parser (HO)

("C:\Program Files\MiKTeX 2.9\tex\generic\oberdiek\etexcmds.sty"
Package: etexcmds 2016/05/16 v1.6 Avoid name clashes with e-TeX commands (HO)
Package etexcmds Info: Could not find \expanded.
(etexcmds)             That can mean that you are not using pdfTeX 1.50 or
(etexcmds)             that some package has redefined \expanded.
(etexcmds)             In the latter case, load this package earlier.
)))
Package epstopdf-base Info: Redefining graphics rule for `.eps' on input line 4
38.
Package grfext Info: Graphics extension search list:
(grfext)             [.png,.pdf,.jpg,.mps,.jpeg,.jbig2,.jb2,.PNG,.PDF,.JPG,.JPE
G,.JBIG2,.JB2,.eps]
(grfext)             \AppendGraphicsExtensions on input line 456.
)
\c@lstlisting=\count111

*geometry* driver: auto-detecting
*geometry* detected driver: pdftex
*geometry* verbose mode - [ preamble ] result:
* driver: pdftex
* paper: a4paper
* layout: <same size as paper>
* layoutoffset:(h,v)=(0.0pt,0.0pt)
* modes: 
* h-part:(L,W,R)=(85.35826pt, 426.79135pt, 85.35826pt)
* v-part:(T,H,B)=(85.35826pt, 674.33032pt, 85.35826pt)
* \paperwidth=597.50787pt
* \paperheight=845.04684pt
* \textwidth=426.79135pt
* \textheight=674.33032pt
* \oddsidemargin=13.08827pt
* \evensidemargin=13.08827pt
* \topmargin=13.08827pt
* \headheight=0.0pt
* \headsep=0.0pt
* \topskip=11.0pt
* \footskip=30.0pt
* \marginparwidth=50.0pt
* \marginparsep=10.0pt
* \columnsep=10.0pt
* \skip\footins=10.0pt plus 4.0pt minus 2.0pt
* \hoffset=0.0pt
* \voffset=0.0pt
* \mag=1000
* \@twocolumnfalse
* \@twosidefalse
* \@mparswitchfalse
* \@reversemarginfalse
* (1in=72.27pt=25.4mm, 1cm=28.453pt)

Package caption Info: Begin \AtBeginDocument code.
Package caption Info: End \AtBeginDocument code.
("C:\Program Files\MiKTeX 2.9\tex\latex\listings\lstlang1.sty"
File: lstlang1.sty 2015/06/04 1.6 listings language file
)
("C:\Program Files\MiKTeX 2.9\tex\latex\listings\lstlang1.sty"
File: lstlang1.sty 2015/06/04 1.6 listings language file
)
LaTeX Font Info:    External font `cmex10' loaded for size
(Font)              <10.95> on input line 74.
LaTeX Font Info:    External font `cmex10' loaded for size
(Font)              <8> on input line 74.
LaTeX Font Info:    External font `cmex10' loaded for size
(Font)              <6> on input line 74.

Overfull \hbox (6.0pt too wide) in paragraph at lines 74--74
[][][][][][][] 
 []


Overfull \hbox (18.3576pt too wide) in paragraph at lines 80--82
$\OT1/cmtt/m/n/10.95 Location : https : / / soundcloud . com / roanoketimes / e
p -[] 95 -[] talking -[] hokies -[] recruiting -[]
 []

("C:\Program Files\MiKTeX 2.9\tex\latex\listings\lstlang1.sty"
File: lstlang1.sty 2015/06/04 1.6 listings language file
)
Overfull \hbox (6.0pt too wide) in paragraph at lines 103--103
[][][][][][][] 
 []

[1

{C:/ProgramData/MiKTeX/2.9/pdftex/config/pdftex.map}] (Q1/config.py)
Overfull \hbox (6.0pt too wide) in paragraph at lines 105--105
[][][][][][][] 
 []

(Q1/getlinks.py [2])
Overfull \hbox (6.0pt too wide) in paragraph at lines 108--108
[][][][][][][] 
 []

(Q1/getlinks.run.txt)
Overfull \hbox (6.0pt too wide) in paragraph at lines 115--115
[][][][][][][] 
 []

(Q1/links.run.txt)
Overfull \hbox (6.0pt too wide) in paragraph at lines 122--122
[][][][][][][] 
 []

(Q1/makeunique.py [3])
Overfull \hbox (10.81096pt too wide) in paragraph at lines 124--125
[]\OT1/cmr/m/n/10.95 After run-ning ``make-u-nique.py'' on ``links.txt'' and sa
v-ing the out-put in ``uniquelinks.txt'',
 []


Overfull \hbox (6.0pt too wide) in paragraph at lines 126--126
[][][][][][][] 
 []

(Q1/uniquelinks.run.txt)
Overfull \hbox (6.0pt too wide) in paragraph at lines 135--135
[][][][][][][] 
 []


Overfull \hbox (10.80069pt too wide) in paragraph at lines 146--151
[]\OT1/cmr/m/n/10.95 Create a his-togram* of URIs vs. num-ber of Me-men-tos (as
 com-puted from the TimeMaps).
 []

[4]
Overfull \hbox (21.86023pt too wide) in paragraph at lines 173--174
[]$\OT1/cmtt/m/n/10.95 http : / / memgator . cs . odu . edu / timemap / link / 
http : / / www . bbc . co . uk / news / business -[]
 []


Overfull \hbox (27.60892pt too wide) in paragraph at lines 177--178
[]$\OT1/cmtt/m/n/10.95 http : / / www . bbc . com / news / business -[] 3704741
6 ? utm _ source = twitterfeed & utm _ medium =
 []


Overfull \hbox (6.0pt too wide) in paragraph at lines 180--180
[][][][][][][] 
 []

(Q2/bbcnomemes.txt [5])
Overfull \hbox (6.0pt too wide) in paragraph at lines 190--190
[][][][][][][] 
 []

(Q2/bbcmemes.txt [6] [7])
Overfull \hbox (6.0pt too wide) in paragraph at lines 194--194
[][][][][][][] 
 []


Overfull \hbox (6.0pt too wide) in paragraph at lines 226--226
[][][][][][][] 
 []

(Q2/downloadtimemapsjson.py [8])
Overfull \hbox (6.0pt too wide) in paragraph at lines 228--228
[][][][][][][] 
 []


Overfull \hbox (6.0pt too wide) in paragraph at lines 234--234
[][][][][][][] 
 []


Overfull \hbox (6.0pt too wide) in paragraph at lines 245--245
[][][][][][][] 
 []

(Q2/parsejsontimemap.py [9])
Overfull \hbox (6.0pt too wide) in paragraph at lines 247--247
[][][][][][][] 
 []

<images/hist1.pdf, id=34, 614.295pt x 794.97pt>
File: images/hist1.pdf Graphic file (type pdf)
 <use images/hist1.pdf>
Package pdftex.def Info: images/hist1.pdf used on input line 272.
(pdftex.def)             Requested size: 430.00356pt x 556.4752pt.

Overfull \hbox (3.2122pt too wide) in paragraph at lines 272--273
 [][] 
 []

[10] [11 <./images/hist1.pdf>] <images/hist2.pdf, id=47, 614.295pt x 794.97pt>
File: images/hist2.pdf Graphic file (type pdf)

<use images/hist2.pdf>
Package pdftex.def Info: images/hist2.pdf used on input line 284.
(pdftex.def)             Requested size: 430.00356pt x 556.4752pt.

Overfull \hbox (3.2122pt too wide) in paragraph at lines 284--285
 [][] 
 []

[12 <./images/hist2.pdf>]
Overfull \hbox (6.0pt too wide) in paragraph at lines 292--292
[][][][][][][] 
 []

(Q2/generatelinksvsmemes.py)
Overfull \hbox (6.0pt too wide) in paragraph at lines 294--294
[][][][][][][] 
 []


Overfull \hbox (14.22049pt too wide) in paragraph at lines 303--304
\OT1/cmr/m/n/10.95 downloadtimemapsjson.py, uniquelinks.txt, uniquelinkswith-me
mes.txt, parse-j-son-timemap.py,
 []


Overfull \hbox (34.05232pt too wide) in paragraph at lines 303--304
\OT1/cmr/m/n/10.95 timemapre-port.txt, memesvs-links.txt, gen-er-atelinksvs-mem
es.py, bbcmemes.txt, bbc-nomemes.txt,
 []

[13]
Overfull \hbox (6.0pt too wide) in paragraph at lines 338--338
[][][][][][][] 
 []

(Q3/downloadcreationdatejson.py [14])
Overfull \hbox (6.0pt too wide) in paragraph at lines 340--340
[][][][][][][] 
 []


Overfull \hbox (6.0pt too wide) in paragraph at lines 346--346
[][][][][][][] 
 []

(Q3/generatememesvsage.py [15])
Overfull \hbox (6.0pt too wide) in paragraph at lines 348--348
[][][][][][][] 
 []

[16] <images/splot1.pdf, id=70, 614.295pt x 794.97pt>
File: images/splot1.pdf Graphic file (type pdf)
 <use images/splot1.pdf>
Package pdftex.def Info: images/splot1.pdf used on input line 368.
(pdftex.def)             Requested size: 430.00356pt x 556.4752pt.

Overfull \hbox (3.2122pt too wide) in paragraph at lines 368--369
 [][] 
 []

[17 <./images/splot1.pdf>] <images/splot2.pdf, id=80, 614.295pt x 794.97pt>
File: images/splot2.pdf Graphic file (type pdf)

<use images/splot2.pdf>
Package pdftex.def Info: images/splot2.pdf used on input line 401.
(pdftex.def)             Requested size: 430.00356pt x 556.4752pt.

Overfull \hbox (3.2122pt too wide) in paragraph at lines 401--402
 [][] 
 []

[18] [19 <./images/splot2.pdf>]
Underfull \hbox (badness 10000) in paragraph at lines 405--408

 []

[20] [21] (CS532_A2_Report.aux)

LaTeX Warning: There were multiply-defined labels.

 ) 
Here is how much of TeX's memory you used:
 6125 strings out of 493333
 90049 string characters out of 3139188
 500486 words of memory out of 3000000
 9538 multiletter control sequences out of 15000+200000
 8233 words of font info for 30 fonts, out of 3000000 for 9000
 1141 hyphenation exceptions out of 8191
 53i,7n,94p,680b,1602s stack positions out of 5000i,500n,10000p,200000b,50000s
<C:/Program Files/MiKTeX 2.9/fonts/type1/public/amsfonts/cm/cmbx10.pfb><C:/Pr
ogram Files/MiKTeX 2.9/fonts/type1/public/amsfonts/cm/cmbx12.pfb><C:/Program Fi
les/MiKTeX 2.9/fonts/type1/public/amsfonts/cm/cmmi10.pfb><C:/Program Files/MiKT
eX 2.9/fonts/type1/public/amsfonts/cm/cmr10.pfb><C:/Program Files/MiKTeX 2.9/fo
nts/type1/public/amsfonts/cm/cmtt10.pfb>
Output written on CS532_A2_Report.pdf (21 pages, 273764 bytes).
PDF statistics:
 118 PDF objects out of 1000 (max. 8388607)
 0 named destinations out of 1000 (max. 500000)
 21 words of extra memory for PDF output out of 10000 (max. 10000000)

