This is pdfTeX, Version 3.14159265-2.6-1.40.17 (MiKTeX 2.9.6210 64-bit) (preloaded format=pdflatex 2017.1.24)  22 FEB 2017 15:50
entering extended mode
**./CS532_A3_Report.tex
(CS532_A3_Report.tex
LaTeX2e <2016/03/31> patch level 3
Babel <3.9r> and hyphenation patterns for 75 language(s) loaded.
("C:\Program Files\MiKTeX 2.9\tex\latex\base\article.cls"
Document Class: article 2014/09/29 v1.4h Standard LaTeX document class
("C:\Program Files\MiKTeX 2.9\tex\latex\base\size11.clo"
File: size11.clo 2014/09/29 v1.4h Standard LaTeX file (size option)
)
\c@part=\count79
\c@section=\count80
\c@subsection=\count81
\c@subsubsection=\count82
\c@paragraph=\count83
\c@subparagraph=\count84
\c@figure=\count85
\c@table=\count86
\abovecaptionskip=\skip41
\belowcaptionskip=\skip42
\bibindent=\dimen102
)
("C:\Program Files\MiKTeX 2.9\tex\latex\comment\comment.sty"
\CommentStream=\write3

Excluding comment 'comment')
("C:\Program Files\MiKTeX 2.9\tex\latex\l3packages\xparse\xparse.sty"
("C:\Program Files\MiKTeX 2.9\tex\latex\l3kernel\expl3.sty"
Package: expl3 2017/02/10 v6878 L3 programming layer (loader) 

("C:\Program Files\MiKTeX 2.9\tex\latex\l3kernel\expl3-code.tex"
Package: expl3 2017/02/10 v6878 L3 programming layer (code)
L3 Module: l3bootstrap 2016/12/28 v6805 L3 Bootstrap code
L3 Module: l3names 2016/12/28 v6805 L3 Namespace for primitives
L3 Module: l3basics 2016/12/28 v6805 L3 Basic definitions
L3 Module: l3expan 2016/12/28 v6805 L3 Argument expansion
L3 Module: l3tl 2017/02/06 v6842 L3 Token lists
L3 Module: l3str 2017/01/01 v6809 L3 Strings
L3 Module: l3seq 2017/02/06 v6842 L3 Sequences and stacks
L3 Module: l3int 2016/12/28 v6805 L3 Integers
\c_max_int=\count87
\l_tmpa_int=\count88
\l_tmpb_int=\count89
\g_tmpa_int=\count90
\g_tmpb_int=\count91
L3 Module: l3quark 2016/12/28 v6805 L3 Quarks
L3 Module: l3prg 2017/01/01 v6811 L3 Control structures
\g__prg_map_int=\count92
L3 Module: l3clist 2017/02/06 v6842 L3 Comma separated lists
L3 Module: l3token 2016/12/28 v6805 L3 Experimental token manipulation
L3 Module: l3prop 2016/12/28 v6805 L3 Property lists
L3 Module: l3msg 2016/12/28 v6805 L3 Messages
L3 Module: l3file 2016/12/28 v6805 L3 File and I/O operations
\l_iow_line_count_int=\count93
\l__iow_target_count_int=\count94
\l__iow_current_line_int=\count95
\l__iow_current_word_int=\count96
\l__iow_current_indentation_int=\count97
L3 Module: l3skip 2017/01/01 v6809 L3 Dimensions and skips
\c_zero_dim=\dimen103
\c_max_dim=\dimen104
\l_tmpa_dim=\dimen105
\l_tmpb_dim=\dimen106
\g_tmpa_dim=\dimen107
\g_tmpb_dim=\dimen108
\c_zero_skip=\skip43
\c_max_skip=\skip44
\l_tmpa_skip=\skip45
\l_tmpb_skip=\skip46
\g_tmpa_skip=\skip47
\g_tmpb_skip=\skip48
\c_zero_muskip=\muskip10
\c_max_muskip=\muskip11
\l_tmpa_muskip=\muskip12
\l_tmpb_muskip=\muskip13
\g_tmpa_muskip=\muskip14
\g_tmpb_muskip=\muskip15
L3 Module: l3keys 2017/01/01 v6811 L3 Key-value interfaces
\l_keys_choice_int=\count98
L3 Module: l3fp 2016/12/28 v6805 L3 Floating points
\c__fp_leading_shift_int=\count99
\c__fp_middle_shift_int=\count100
\c__fp_trailing_shift_int=\count101
\c__fp_big_leading_shift_int=\count102
\c__fp_big_middle_shift_int=\count103
\c__fp_big_trailing_shift_int=\count104
\c__fp_Bigg_leading_shift_int=\count105
\c__fp_Bigg_middle_shift_int=\count106
\c__fp_Bigg_trailing_shift_int=\count107
\c__fp_rand_size_int=\count108
\c__fp_rand_four_int=\count109
\c__fp_rand_eight_int=\count110
L3 Module: l3sort 2017/02/07 v6847 L3 Sorting functions
\l__sort_length_int=\count111
\l__sort_min_int=\count112
\l__sort_top_int=\count113
\l__sort_max_int=\count114
\l__sort_true_max_int=\count115
\l__sort_block_int=\count116
\l__sort_begin_int=\count117
\l__sort_end_int=\count118
\l__sort_A_int=\count119
\l__sort_B_int=\count120
\l__sort_C_int=\count121
L3 Module: l3box 2016/12/28 v6805 L3 Experimental boxes
\c_empty_box=\box26
\l_tmpa_box=\box27
\l_tmpb_box=\box28
\g_tmpa_box=\box29
\g_tmpb_box=\box30
L3 Module: l3coffins 2016/12/28 v6805 L3 Coffin code layer
\l__coffin_internal_box=\box31
\l__coffin_internal_dim=\dimen109
\l__coffin_offset_x_dim=\dimen110
\l__coffin_offset_y_dim=\dimen111
\l__coffin_x_dim=\dimen112
\l__coffin_y_dim=\dimen113
\l__coffin_x_prime_dim=\dimen114
\l__coffin_y_prime_dim=\dimen115
\c_empty_coffin=\box32
\l__coffin_aligned_coffin=\box33
\l__coffin_aligned_internal_coffin=\box34
\l_tmpa_coffin=\box35
\l_tmpb_coffin=\box36
\l__coffin_display_coffin=\box37
\l__coffin_display_coord_coffin=\box38
\l__coffin_display_pole_coffin=\box39
\l__coffin_display_offset_dim=\dimen116
\l__coffin_display_x_dim=\dimen117
\l__coffin_display_y_dim=\dimen118
L3 Module: l3color 2016/12/28 v6805 L3 Experimental color support
L3 Module: l3sys 2017/01/01 v6811 L3 Experimental system/runtime functions
L3 Module: l3candidates 2017/01/30 v6835 L3 Experimental additions to l3kernel
\l__box_top_dim=\dimen119
\l__box_bottom_dim=\dimen120
\l__box_left_dim=\dimen121
\l__box_right_dim=\dimen122
\l__box_top_new_dim=\dimen123
\l__box_bottom_new_dim=\dimen124
\l__box_left_new_dim=\dimen125
\l__box_right_new_dim=\dimen126
\l__box_internal_box=\box40
\l__coffin_bounding_shift_dim=\dimen127
\l__coffin_left_corner_dim=\dimen128
\l__coffin_right_corner_dim=\dimen129
\l__coffin_bottom_corner_dim=\dimen130
\l__coffin_top_corner_dim=\dimen131
\l__coffin_scaled_total_height_dim=\dimen132
\l__coffin_scaled_width_dim=\dimen133
L3 Module: l3luatex 2016/12/28 v6805 L3 Experimental LuaTeX-specific functions
)
("C:\Program Files\MiKTeX 2.9\tex\latex\l3kernel\l3pdfmode.def"
File: l3pdfmode.def 2016/12/28 v6805 L3 Experimental driver: PDF mode
\l__driver_color_stack_int=\count122
\l__driver_tmp_box=\box41
))
Package: xparse 2017/02/10 v6878 L3 Experimental document command parser
\l__xparse_current_arg_int=\count123
\g__xparse_grabber_int=\count124
\l__xparse_m_args_int=\count125
\l__xparse_mandatory_args_int=\count126
\l__xparse_v_nesting_int=\count127
)
.................................................
. LaTeX info: "xparse/define-command"
. 
. Defining command \Log with sig. 'o' on line 5.
.................................................

("C:\Program Files\MiKTeX 2.9\tex\latex\preprint\fullpage.sty"
Package: fullpage 1999/02/23 1.1 (PWD)
\FP@margin=\skip49
)
("C:\Program Files\MiKTeX 2.9\tex\latex\tools\longtable.sty"
Package: longtable 2014/10/28 v4.11 Multi-page Table package (DPC)
\LTleft=\skip50
\LTright=\skip51
\LTpre=\skip52
\LTpost=\skip53
\LTchunksize=\count128
\LTcapwidth=\dimen134
\LT@head=\box42
\LT@firsthead=\box43
\LT@foot=\box44
\LT@lastfoot=\box45
\LT@cols=\count129
\LT@rows=\count130
\c@LT@tables=\count131
\c@LT@chunks=\count132
\LT@p@ftn=\toks14
)
("C:\Program Files\MiKTeX 2.9\tex\latex\graphics\graphicx.sty"
Package: graphicx 2014/10/28 v1.0g Enhanced LaTeX Graphics (DPC,SPQR)

("C:\Program Files\MiKTeX 2.9\tex\latex\graphics\keyval.sty"
Package: keyval 2014/10/28 v1.15 key=value parser (DPC)
\KV@toks@=\toks15
)
("C:\Program Files\MiKTeX 2.9\tex\latex\graphics\graphics.sty"
Package: graphics 2016/07/10 v1.0t Standard LaTeX Graphics (DPC,SPQR)

("C:\Program Files\MiKTeX 2.9\tex\latex\graphics\trig.sty"
Package: trig 2016/01/03 v1.10 sin cos tan (DPC)
)
("C:\Program Files\MiKTeX 2.9\tex\latex\graphics-cfg\graphics.cfg"
File: graphics.cfg 2016/06/04 v1.11 sample graphics configuration
)
Package graphics Info: Driver file: pdftex.def on input line 99.

("C:\Program Files\MiKTeX 2.9\tex\latex\graphics-def\pdftex.def"
File: pdftex.def 2016/07/10 v0.06j Graphics/color for pdfTeX

("C:\Program Files\MiKTeX 2.9\tex\generic\oberdiek\infwarerr.sty"
Package: infwarerr 2016/05/16 v1.4 Providing info/warning/error messages (HO)
)
("C:\Program Files\MiKTeX 2.9\tex\generic\oberdiek\ltxcmds.sty"
Package: ltxcmds 2016/05/16 v1.23 LaTeX kernel commands for general use (HO)
)
\Gread@gobject=\count133
))
\Gin@req@height=\dimen135
\Gin@req@width=\dimen136
)
("C:\Program Files\MiKTeX 2.9\tex\latex\fancyvrb\fancyvrb.sty"
Package: fancyvrb 2008/02/07

Style option: `fancyvrb' v2.7a, with DG/SPQR fixes, and firstline=lastline fix 
<2008/02/07> (tvz)
\FV@CodeLineNo=\count134
\FV@InFile=\read1
\FV@TabBox=\box46
\c@FancyVerbLine=\count135
\FV@StepNumber=\count136
\FV@OutFile=\write4
) ("C:\Program Files\MiKTeX 2.9\tex\latex\xcolor\xcolor.sty"
Package: xcolor 2016/05/11 v2.12 LaTeX color extensions (UK)

("C:\Program Files\MiKTeX 2.9\tex\latex\graphics-cfg\color.cfg"
File: color.cfg 2016/01/02 v1.6 sample color configuration
)
Package xcolor Info: Driver file: pdftex.def on input line 225.
Package xcolor Info: Model `cmy' substituted by `cmy0' on input line 1348.
Package xcolor Info: Model `hsb' substituted by `rgb' on input line 1352.
Package xcolor Info: Model `RGB' extended on input line 1364.
Package xcolor Info: Model `HTML' substituted by `rgb' on input line 1366.
Package xcolor Info: Model `Hsb' substituted by `hsb' on input line 1367.
Package xcolor Info: Model `tHsb' substituted by `hsb' on input line 1368.
Package xcolor Info: Model `HSB' substituted by `hsb' on input line 1369.
Package xcolor Info: Model `Gray' substituted by `gray' on input line 1370.
Package xcolor Info: Model `wave' substituted by `hsb' on input line 1371.
)
("C:\Program Files\MiKTeX 2.9\tex\latex\listings\listings.sty"
\lst@mode=\count137
\lst@gtempboxa=\box47
\lst@token=\toks16
\lst@length=\count138
\lst@currlwidth=\dimen137
\lst@column=\count139
\lst@pos=\count140
\lst@lostspace=\dimen138
\lst@width=\dimen139
\lst@newlines=\count141
\lst@lineno=\count142
\lst@maxwidth=\dimen140

("C:\Program Files\MiKTeX 2.9\tex\latex\listings\lstmisc.sty"
File: lstmisc.sty 2015/06/04 1.6 (Carsten Heinz)
\c@lstnumber=\count143
\lst@skipnumbers=\count144
\lst@framebox=\box48
)
("C:\Program Files\MiKTeX 2.9\tex\latex\listings\listings.cfg"
File: listings.cfg 2015/06/04 1.6 listings configuration
))
Package: listings 2015/06/04 1.6 (Carsten Heinz)

("C:\Program Files\MiKTeX 2.9\tex\latex\breakurl\breakurl.sty"
Package: breakurl 2013/04/10 v1.40 Breakable hyperref URLs

("C:\Program Files\MiKTeX 2.9\tex\latex\xkeyval\xkeyval.sty"
Package: xkeyval 2014/12/03 v2.7a package option processing (HA)

("C:\Program Files\MiKTeX 2.9\tex\generic\xkeyval\xkeyval.tex"
("C:\Program Files\MiKTeX 2.9\tex\generic\xkeyval\xkvutils.tex"
\XKV@toks=\toks17
\XKV@tempa@toks=\toks18
)
\XKV@depth=\count145
File: xkeyval.tex 2014/12/03 v2.7a key=value parser (HA)
))
("C:\Program Files\MiKTeX 2.9\tex\generic\oberdiek\ifpdf.sty"
Package: ifpdf 2016/05/14 v3.1 Provides the ifpdf switch
)

Package breakurl Warning: You are using breakurl while processing via pdflatex.

(breakurl)                \burl will be just a synonym of \url.
(breakurl)                 on input line 48.

) ("C:\Program Files\MiKTeX 2.9\tex\latex\url\url.sty"
\Urlmuskip=\muskip16
Package: url 2013/09/16  ver 3.4  Verb mode for urls, etc.
)
("C:\Program Files\MiKTeX 2.9\tex\latex\geometry\geometry.sty"
Package: geometry 2010/09/12 v5.6 Page Geometry

("C:\Program Files\MiKTeX 2.9\tex\generic\oberdiek\ifvtex.sty"
Package: ifvtex 2016/05/16 v1.6 Detect VTeX and its facilities (HO)
Package ifvtex Info: VTeX not detected.
)
("C:\Program Files\MiKTeX 2.9\tex\generic\ifxetex\ifxetex.sty"
Package: ifxetex 2010/09/12 v0.6 Provides ifxetex conditional
)
\Gm@cnth=\count146
\Gm@cntv=\count147
\c@Gm@tempcnt=\count148
\Gm@bindingoffset=\dimen141
\Gm@wd@mp=\dimen142
\Gm@odd@mp=\dimen143
\Gm@even@mp=\dimen144
\Gm@layoutwidth=\dimen145
\Gm@layoutheight=\dimen146
\Gm@layouthoffset=\dimen147
\Gm@layoutvoffset=\dimen148
\Gm@dimlist=\toks19

("C:\Program Files\MiKTeX 2.9\tex\latex\geometry\geometry.cfg"))
("C:\Program Files\MiKTeX 2.9\tex\latex\ltxmisc\relsize.sty"
Package: relsize 2003/07/04 ver 3.1
)
("C:\Program Files\MiKTeX 2.9\tex\latex\float\float.sty"
Package: float 2001/11/08 v1.3d Float enhancements (AL)
\c@float@type=\count149
\float@exts=\toks20
\float@box=\box49
\@float@everytoks=\toks21
\@floatcapt=\box50
)
("C:\Program Files\MiKTeX 2.9\tex\latex\caption\caption.sty"
Package: caption 2016/02/21 v3.3-144 Customizing captions (AR)

("C:\Program Files\MiKTeX 2.9\tex\latex\caption\caption3.sty"
Package: caption3 2016/05/22 v1.7-166 caption3 kernel (AR)
Package caption3 Info: TeX engine: e-TeX on input line 67.
\captionmargin=\dimen149
\captionmargin@=\dimen150
\captionwidth=\dimen151
\caption@tempdima=\dimen152
\caption@indent=\dimen153
\caption@parindent=\dimen154
\caption@hangindent=\dimen155
)
\c@ContinuedFloat=\count150
Package caption Info: float package is loaded.
Package caption Info: listings package is loaded.
Package caption Info: longtable package is loaded.

("C:\Program Files\MiKTeX 2.9\tex\latex\caption\ltcaption.sty"
Package: ltcaption 2013/06/09 v1.4-94 longtable captions (AR)
))
("C:\Program Files\MiKTeX 2.9\tex\latex\listings\lstlang1.sty"
File: lstlang1.sty 2015/06/04 1.6 listings language file
)
(CS532_A3_Report.aux

LaTeX Warning: Label `Command:' multiply defined.


LaTeX Warning: Label `Command:' multiply defined.


LaTeX Warning: Label `knuthwebsite' multiply defined.


LaTeX Warning: Label `knuthwebsite' multiply defined.


LaTeX Warning: Label `knuthwebsite' multiply defined.

)
\openout1 = `CS532_A3_Report.aux'.

LaTeX Font Info:    Checking defaults for OML/cmm/m/it on input line 44.
LaTeX Font Info:    ... okay on input line 44.
LaTeX Font Info:    Checking defaults for T1/cmr/m/n on input line 44.
LaTeX Font Info:    ... okay on input line 44.
LaTeX Font Info:    Checking defaults for OT1/cmr/m/n on input line 44.
LaTeX Font Info:    ... okay on input line 44.
LaTeX Font Info:    Checking defaults for OMS/cmsy/m/n on input line 44.
LaTeX Font Info:    ... okay on input line 44.
LaTeX Font Info:    Checking defaults for OMX/cmex/m/n on input line 44.
LaTeX Font Info:    ... okay on input line 44.
LaTeX Font Info:    Checking defaults for U/cmr/m/n on input line 44.
LaTeX Font Info:    ... okay on input line 44.
 ("C:\Program Files\MiKTeX 2.9\tex\context\base\supp-pdf.mkii"
[Loading MPS to PDF converter (version 2006.09.02).]
\scratchcounter=\count151
\scratchdimen=\dimen156
\scratchbox=\box51
\nofMPsegments=\count152
\nofMParguments=\count153
\everyMPshowfont=\toks22
\MPscratchCnt=\count154
\MPscratchDim=\dimen157
\MPnumerator=\count155
\makeMPintoPDFobject=\count156
\everyMPtoPDFconversion=\toks23
) ("C:\Program Files\MiKTeX 2.9\tex\generic\oberdiek\pdftexcmds.sty"
Package: pdftexcmds 2016/05/21 v0.22 Utility functions of pdfTeX for LuaTeX (HO
)

("C:\Program Files\MiKTeX 2.9\tex\generic\oberdiek\ifluatex.sty"
Package: ifluatex 2016/05/16 v1.4 Provides the ifluatex switch (HO)
Package ifluatex Info: LuaTeX not detected.
)
Package pdftexcmds Info: LuaTeX not detected.
Package pdftexcmds Info: \pdf@primitive is available.
Package pdftexcmds Info: \pdf@ifprimitive is available.
Package pdftexcmds Info: \pdfdraftmode found.
)
("C:\Program Files\MiKTeX 2.9\tex\latex\oberdiek\epstopdf-base.sty"
Package: epstopdf-base 2016/05/15 v2.6 Base part for package epstopdf

("C:\Program Files\MiKTeX 2.9\tex\latex\oberdiek\grfext.sty"
Package: grfext 2016/05/16 v1.2 Manage graphics extensions (HO)

("C:\Program Files\MiKTeX 2.9\tex\generic\oberdiek\kvdefinekeys.sty"
Package: kvdefinekeys 2016/05/16 v1.4 Define keys (HO)
))
("C:\Program Files\MiKTeX 2.9\tex\latex\oberdiek\kvoptions.sty"
Package: kvoptions 2016/05/16 v3.12 Key value format for package options (HO)

("C:\Program Files\MiKTeX 2.9\tex\generic\oberdiek\kvsetkeys.sty"
Package: kvsetkeys 2016/05/16 v1.17 Key value parser (HO)

("C:\Program Files\MiKTeX 2.9\tex\generic\oberdiek\etexcmds.sty"
Package: etexcmds 2016/05/16 v1.6 Avoid name clashes with e-TeX commands (HO)
Package etexcmds Info: Could not find \expanded.
(etexcmds)             That can mean that you are not using pdfTeX 1.50 or
(etexcmds)             that some package has redefined \expanded.
(etexcmds)             In the latter case, load this package earlier.
)))
Package epstopdf-base Info: Redefining graphics rule for `.eps' on input line 4
38.
Package grfext Info: Graphics extension search list:
(grfext)             [.png,.pdf,.jpg,.mps,.jpeg,.jbig2,.jb2,.PNG,.PDF,.JPG,.JPE
G,.JBIG2,.JB2,.eps]
(grfext)             \AppendGraphicsExtensions on input line 456.
)
\c@lstlisting=\count157

*geometry* driver: auto-detecting
*geometry* detected driver: pdftex
*geometry* verbose mode - [ preamble ] result:
* driver: pdftex
* paper: a4paper
* layout: <same size as paper>
* layoutoffset:(h,v)=(0.0pt,0.0pt)
* modes: 
* h-part:(L,W,R)=(85.35826pt, 426.79135pt, 85.35826pt)
* v-part:(T,H,B)=(85.35826pt, 674.33032pt, 85.35826pt)
* \paperwidth=597.50787pt
* \paperheight=845.04684pt
* \textwidth=426.79135pt
* \textheight=674.33032pt
* \oddsidemargin=13.08827pt
* \evensidemargin=13.08827pt
* \topmargin=13.08827pt
* \headheight=0.0pt
* \headsep=0.0pt
* \topskip=11.0pt
* \footskip=30.0pt
* \marginparwidth=50.0pt
* \marginparsep=10.0pt
* \columnsep=10.0pt
* \skip\footins=10.0pt plus 4.0pt minus 2.0pt
* \hoffset=0.0pt
* \voffset=0.0pt
* \mag=1000
* \@twocolumnfalse
* \@twosidefalse
* \@mparswitchfalse
* \@reversemarginfalse
* (1in=72.27pt=25.4mm, 1cm=28.453pt)

Package caption Info: Begin \AtBeginDocument code.
Package caption Info: End \AtBeginDocument code.
("C:\Program Files\MiKTeX 2.9\tex\latex\listings\lstlang1.sty"
File: lstlang1.sty 2015/06/04 1.6 listings language file
)
("C:\Program Files\MiKTeX 2.9\tex\latex\listings\lstlang1.sty"
File: lstlang1.sty 2015/06/04 1.6 listings language file
)
LaTeX Font Info:    External font `cmex10' loaded for size
(Font)              <10.95> on input line 57.
LaTeX Font Info:    External font `cmex10' loaded for size
(Font)              <8> on input line 57.
LaTeX Font Info:    External font `cmex10' loaded for size
(Font)              <6> on input line 57.

Overfull \hbox (6.0pt too wide) in paragraph at lines 57--57
[][][][][][][] 
 []


Overfull \hbox (6.0pt too wide) in paragraph at lines 69--69
[][][][][][][] 
 []


Underfull \hbox (badness 10000) in paragraph at lines 73--80

 []


Overfull \hbox (6.0pt too wide) in paragraph at lines 80--80
[][][][][][][] 
 []


Underfull \hbox (badness 10000) in paragraph at lines 89--97

 []

[1

{C:/ProgramData/MiKTeX/2.9/pdftex/config/pdftex.map}]
("C:\Program Files\MiKTeX 2.9\tex\latex\listings\lstlang1.sty"
File: lstlang1.sty 2015/06/04 1.6 listings language file
)
Overfull \hbox (6.0pt too wide) in paragraph at lines 108--108
[][][][][][][] 
 []

(Q1/parselinks.py) [2]
Overfull \hbox (6.0pt too wide) in paragraph at lines 111--111
[][][][][][][] 
 []


Overfull \hbox (32.8576pt too wide) in paragraph at lines 169--170
[]$\OT1/cmtt/m/n/10.95 https : / / en . wikipedia . org / wiki / Significant _ 
figures # Rounding _ and _ decimal _ places$ 
 []


Overfull \hbox (6.0pt too wide) in paragraph at lines 175--175
[][][][][][][] 
 []

[3]
Overfull \hbox (6.0pt too wide) in paragraph at lines 195--195
[][][][][][][] 
 []


Overfull \hbox (6.0pt too wide) in paragraph at lines 217--217
[][][][][][][] 
 []

[4]
Overfull \hbox (6.0pt too wide) in paragraph at lines 244--244
[][][][][][][] 
 []

[5]
Overfull \hbox (6.0pt too wide) in paragraph at lines 271--271
[][][][][][][] 
 []

[6]
Overfull \hbox (6.52037pt too wide) in paragraph at lines 318--318
[]|\OT1/cmr/m/n/10.95 TF| 
 []


Overfull \hbox (1.98318pt too wide) in paragraph at lines 320--320
[]|\OT1/cmr/m/n/10.95 1563| 
 []


Overfull \hbox (1.96396pt too wide) in paragraph at lines 320--320
[]|\OT1/cmr/m/n/10.95 0.0013| 
 []


Overfull \hbox (1.96396pt too wide) in paragraph at lines 326--326
[]|\OT1/cmr/m/n/10.95 0.0012| 
 []


Overfull \hbox (1.96396pt too wide) in paragraph at lines 332--332
[]|\OT1/cmr/m/n/10.95 0.0032| 
 []


Overfull \hbox (1.98318pt too wide) in paragraph at lines 338--338
[]|\OT1/cmr/m/n/10.95 1921| 
 []


Overfull \hbox (1.96396pt too wide) in paragraph at lines 338--338
[]|\OT1/cmr/m/n/10.95 0.0021| 
 []


Overfull \hbox (1.98318pt too wide) in paragraph at lines 344--344
[]|\OT1/cmr/m/n/10.95 2214| 
 []


Overfull \hbox (1.96396pt too wide) in paragraph at lines 344--344
[]|\OT1/cmr/m/n/10.95 0.0005| 
 []


Overfull \hbox (1.98318pt too wide) in paragraph at lines 350--350
[]|\OT1/cmr/m/n/10.95 2060| 
 []


Overfull \hbox (1.96396pt too wide) in paragraph at lines 350--350
[]|\OT1/cmr/m/n/10.95 0.0005| 
 []


Overfull \hbox (1.96396pt too wide) in paragraph at lines 356--356
[]|\OT1/cmr/m/n/10.95 0.0017| 
 []


Overfull \hbox (1.96396pt too wide) in paragraph at lines 362--362
[]|\OT1/cmr/m/n/10.95 0.0048| 
 []


Overfull \hbox (1.98318pt too wide) in paragraph at lines 368--368
[]|\OT1/cmr/m/n/10.95 1431| 
 []


Overfull \hbox (1.96396pt too wide) in paragraph at lines 368--368
[]|\OT1/cmr/m/n/10.95 0.0007| 
 []


Overfull \hbox (1.98318pt too wide) in paragraph at lines 374--374
[]|\OT1/cmr/m/n/10.95 1049| 
 []


Overfull \hbox (1.96396pt too wide) in paragraph at lines 374--374
[]|\OT1/cmr/m/n/10.95 0.0019| 
 []


Underfull \vbox (badness 10000) detected at line 380
 []

[7] [8]
Overfull \hbox (6.07022pt too wide) in paragraph at lines 402--402
[]|\OT1/cmr/m/n/10.95 TFIDF| 
 []


Overfull \hbox (1.96396pt too wide) in paragraph at lines 404--404
[]|\OT1/cmr/m/n/10.95 0.0022| 
 []


Overfull \hbox (1.96396pt too wide) in paragraph at lines 404--404
[]|\OT1/cmr/m/n/10.95 0.0013| 
 []


Overfull \hbox (1.96396pt too wide) in paragraph at lines 404--404
[]|\OT1/cmr/m/n/10.95 1.6897| 
 []


Overfull \hbox (1.96396pt too wide) in paragraph at lines 410--410
[]|\OT1/cmr/m/n/10.95 0.0020| 
 []


Overfull \hbox (1.96396pt too wide) in paragraph at lines 410--410
[]|\OT1/cmr/m/n/10.95 0.0012| 
 []


Overfull \hbox (1.96396pt too wide) in paragraph at lines 410--410
[]|\OT1/cmr/m/n/10.95 1.6897| 
 []


Overfull \hbox (1.96396pt too wide) in paragraph at lines 416--416
[]|\OT1/cmr/m/n/10.95 0.0054| 
 []


Overfull \hbox (1.96396pt too wide) in paragraph at lines 416--416
[]|\OT1/cmr/m/n/10.95 0.0032| 
 []


Overfull \hbox (1.96396pt too wide) in paragraph at lines 416--416
[]|\OT1/cmr/m/n/10.95 1.6897| 
 []


Overfull \hbox (1.96396pt too wide) in paragraph at lines 422--422
[]|\OT1/cmr/m/n/10.95 0.0035| 
 []


Overfull \hbox (1.96396pt too wide) in paragraph at lines 422--422
[]|\OT1/cmr/m/n/10.95 0.0021| 
 []


Overfull \hbox (1.96396pt too wide) in paragraph at lines 422--422
[]|\OT1/cmr/m/n/10.95 1.6897| 
 []


Overfull \hbox (1.96396pt too wide) in paragraph at lines 428--428
[]|\OT1/cmr/m/n/10.95 0.0008| 
 []


Overfull \hbox (1.96396pt too wide) in paragraph at lines 428--428
[]|\OT1/cmr/m/n/10.95 0.0005| 
 []


Overfull \hbox (1.96396pt too wide) in paragraph at lines 428--428
[]|\OT1/cmr/m/n/10.95 1.6897| 
 []


Overfull \hbox (1.96396pt too wide) in paragraph at lines 434--434
[]|\OT1/cmr/m/n/10.95 0.0008| 
 []


Overfull \hbox (1.96396pt too wide) in paragraph at lines 434--434
[]|\OT1/cmr/m/n/10.95 0.0005| 
 []


Overfull \hbox (1.96396pt too wide) in paragraph at lines 434--434
[]|\OT1/cmr/m/n/10.95 1.6897| 
 []


Overfull \hbox (1.96396pt too wide) in paragraph at lines 440--440
[]|\OT1/cmr/m/n/10.95 0.0029| 
 []


Overfull \hbox (1.96396pt too wide) in paragraph at lines 440--440
[]|\OT1/cmr/m/n/10.95 0.0017| 
 []


Overfull \hbox (1.96396pt too wide) in paragraph at lines 440--440
[]|\OT1/cmr/m/n/10.95 1.6897| 
 []


Overfull \hbox (1.96396pt too wide) in paragraph at lines 446--446
[]|\OT1/cmr/m/n/10.95 0.0081| 
 []


Overfull \hbox (1.96396pt too wide) in paragraph at lines 446--446
[]|\OT1/cmr/m/n/10.95 0.0048| 
 []


Overfull \hbox (1.96396pt too wide) in paragraph at lines 446--446
[]|\OT1/cmr/m/n/10.95 1.6897| 
 []


Overfull \hbox (1.96396pt too wide) in paragraph at lines 452--452
[]|\OT1/cmr/m/n/10.95 0.0012| 
 []


Overfull \hbox (1.96396pt too wide) in paragraph at lines 452--452
[]|\OT1/cmr/m/n/10.95 0.0007| 
 []


Overfull \hbox (1.96396pt too wide) in paragraph at lines 452--452
[]|\OT1/cmr/m/n/10.95 1.6897| 
 []


Overfull \hbox (1.96396pt too wide) in paragraph at lines 458--458
[]|\OT1/cmr/m/n/10.95 0.0032| 
 []


Overfull \hbox (1.96396pt too wide) in paragraph at lines 458--458
[]|\OT1/cmr/m/n/10.95 0.0019| 
 []


Overfull \hbox (1.96396pt too wide) in paragraph at lines 458--458
[]|\OT1/cmr/m/n/10.95 1.6897| 
 []


Underfull \vbox (badness 10000) detected at line 464
 []

[9] [10]
Underfull \vbox (badness 10000) detected at line 583
 []

[11]
Overfull \hbox (6.07022pt too wide) in paragraph at lines 591--591
[]|\OT1/cmr/m/n/10.95 TFIDF| 
 []


Overfull \hbox (1.96396pt too wide) in paragraph at lines 593--593
[]|\OT1/cmr/m/n/10.95 0.0022| 
 []


Overfull \hbox (1.96396pt too wide) in paragraph at lines 593--593
[]|\OT1/cmr/m/n/10.95 0.0013| 
 []


Overfull \hbox (1.96396pt too wide) in paragraph at lines 593--593
[]|\OT1/cmr/m/n/10.95 1.6897| 
 []


Overfull \hbox (1.96396pt too wide) in paragraph at lines 599--599
[]|\OT1/cmr/m/n/10.95 0.0020| 
 []


Overfull \hbox (1.96396pt too wide) in paragraph at lines 599--599
[]|\OT1/cmr/m/n/10.95 0.0012| 
 []


Overfull \hbox (1.96396pt too wide) in paragraph at lines 599--599
[]|\OT1/cmr/m/n/10.95 1.6897| 
 []


Overfull \hbox (1.96396pt too wide) in paragraph at lines 605--605
[]|\OT1/cmr/m/n/10.95 0.0054| 
 []


Overfull \hbox (1.96396pt too wide) in paragraph at lines 605--605
[]|\OT1/cmr/m/n/10.95 0.0032| 
 []


Overfull \hbox (1.96396pt too wide) in paragraph at lines 605--605
[]|\OT1/cmr/m/n/10.95 1.6897| 
 []


Overfull \hbox (1.96396pt too wide) in paragraph at lines 611--611
[]|\OT1/cmr/m/n/10.95 0.0035| 
 []


Overfull \hbox (1.96396pt too wide) in paragraph at lines 611--611
[]|\OT1/cmr/m/n/10.95 0.0021| 
 []


Overfull \hbox (1.96396pt too wide) in paragraph at lines 611--611
[]|\OT1/cmr/m/n/10.95 1.6897| 
 []


Overfull \hbox (1.96396pt too wide) in paragraph at lines 617--617
[]|\OT1/cmr/m/n/10.95 0.0008| 
 []


Overfull \hbox (1.96396pt too wide) in paragraph at lines 617--617
[]|\OT1/cmr/m/n/10.95 0.0005| 
 []


Overfull \hbox (1.96396pt too wide) in paragraph at lines 617--617
[]|\OT1/cmr/m/n/10.95 1.6897| 
 []


Overfull \hbox (1.96396pt too wide) in paragraph at lines 623--623
[]|\OT1/cmr/m/n/10.95 0.0008| 
 []


Overfull \hbox (1.96396pt too wide) in paragraph at lines 623--623
[]|\OT1/cmr/m/n/10.95 0.0005| 
 []


Overfull \hbox (1.96396pt too wide) in paragraph at lines 623--623
[]|\OT1/cmr/m/n/10.95 1.6897| 
 []


Overfull \hbox (1.96396pt too wide) in paragraph at lines 629--629
[]|\OT1/cmr/m/n/10.95 0.0029| 
 []


Overfull \hbox (1.96396pt too wide) in paragraph at lines 629--629
[]|\OT1/cmr/m/n/10.95 0.0017| 
 []


Overfull \hbox (1.96396pt too wide) in paragraph at lines 629--629
[]|\OT1/cmr/m/n/10.95 1.6897| 
 []


Overfull \hbox (1.96396pt too wide) in paragraph at lines 635--635
[]|\OT1/cmr/m/n/10.95 0.0081| 
 []


Overfull \hbox (1.96396pt too wide) in paragraph at lines 635--635
[]|\OT1/cmr/m/n/10.95 0.0048| 
 []


Overfull \hbox (1.96396pt too wide) in paragraph at lines 635--635
[]|\OT1/cmr/m/n/10.95 1.6897| 
 []


Overfull \hbox (1.96396pt too wide) in paragraph at lines 641--641
[]|\OT1/cmr/m/n/10.95 0.0012| 
 []


Overfull \hbox (1.96396pt too wide) in paragraph at lines 641--641
[]|\OT1/cmr/m/n/10.95 0.0007| 
 []


Overfull \hbox (1.96396pt too wide) in paragraph at lines 641--641
[]|\OT1/cmr/m/n/10.95 1.6897| 
 []


Overfull \hbox (1.96396pt too wide) in paragraph at lines 647--647
[]|\OT1/cmr/m/n/10.95 0.0032| 
 []


Overfull \hbox (1.96396pt too wide) in paragraph at lines 647--647
[]|\OT1/cmr/m/n/10.95 0.0019| 
 []


Overfull \hbox (1.96396pt too wide) in paragraph at lines 647--647
[]|\OT1/cmr/m/n/10.95 1.6897| 
 []


Overfull \hbox (3.09442pt too wide) in alignment at lines 589--653
 [] [] [] [] [] 
 []


Underfull \vbox (badness 10000) detected at line 653
 []

[12] [13] [14] (CS532_A3_Report.aux)

LaTeX Warning: There were multiply-defined labels.

 ) 
Here is how much of TeX's memory you used:
 13276 strings out of 493333
 237594 string characters out of 3139188
 510476 words of memory out of 3000000
 16706 multiletter control sequences out of 15000+200000
 7925 words of font info for 29 fonts, out of 3000000 for 9000
 1141 hyphenation exceptions out of 8191
 53i,8n,93p,10398b,1577s stack positions out of 5000i,500n,10000p,200000b,50000s
<C:/Program Files/MiKTeX 2.9/fonts/type1/public/amsfonts/cm/cmbx12.pfb><C:/Pr
ogram Files/MiKTeX 2.9/fonts/type1/public/amsfonts/cm/cmmi10.pfb><C:/Program Fi
les/MiKTeX 2.9/fonts/type1/public/amsfonts/cm/cmr10.pfb><C:/Program Files/MiKTe
X 2.9/fonts/type1/public/amsfonts/cm/cmr8.pfb><C:/Program Files/MiKTeX 2.9/font
s/type1/public/amsfonts/cm/cmsy10.pfb><C:/Program Files/MiKTeX 2.9/fonts/type1/
public/amsfonts/cm/cmtt10.pfb>
Output written on CS532_A3_Report.pdf (14 pages, 111385 bytes).
PDF statistics:
 72 PDF objects out of 1000 (max. 8388607)
 0 named destinations out of 1000 (max. 500000)
 1 words of extra memory for PDF output out of 10000 (max. 10000000)

